<?xml version="1.0" encoding="UTF-8"?>
<testsuite name="com.bridgelabz.HotalReservationTest" tests="2" skipped="0" failures="0" errors="0" timestamp="2021-08-09T04:16:33" hostname="DEEPSINGH" time="0.005">
  <properties/>
  <testcase name="givenName_WhenLessThanThreeChar_ShouldReturnFalse" classname="com.bridgelabz.HotalReservationTest" time="0.003"/>
  <testcase name="givenName_FirstLetterUpperCase_ShouldReturnTrue" classname="com.bridgelabz.HotalReservationTest" time="0.001"/>
  <system-out><![CDATA[]]></system-out>
  <system-err><![CDATA[]]></system-err>
</testsuite>
